<?xml version="1.0" encoding="UTF-8"?>
<!-- Generated by org.testng.reporters.JUnitReportReporter -->
<testsuite hostname="DESKTOP-0C1HTAU" name="com.seleniumgitmavenjenkin.Username" tests="2" failures="0" timestamp="26 Jan 2022 07:50:52 GMT" time="16.627" errors="0">
  <testcase name="userlogin" time="8.363" classname="com.seleniumgitmavenjenkin.Username"/>
  <testcase name="userlogin1" time="8.264" classname="com.seleniumgitmavenjenkin.Username"/>
</testsuite> <!-- com.seleniumgitmavenjenkin.Username -->
