<?xml version="1.0" encoding="UTF-8"?>
<!-- Generated by org.testng.reporters.JUnitReportReporter -->
<testsuite hostname="DESKTOP-0C1HTAU" name="com.seleniumgitmavenjenkin.Loginpage" tests="2" failures="0" timestamp="23 Jan 2022 15:16:09 GMT" time="20.173" errors="0">
  <testcase name="loginpage" time="11.698" classname="com.seleniumgitmavenjenkin.Loginpage"/>
  <testcase name="loginpage1" time="8.475" classname="com.seleniumgitmavenjenkin.Loginpage"/>
</testsuite> <!-- com.seleniumgitmavenjenkin.Loginpage -->
