<?xml version="1.0" encoding="UTF-8"?>
<!-- Generated by org.testng.reporters.JUnitReportReporter -->
<testsuite hostname="DESKTOP-0C1HTAU" name="com.seleniumgitmavenjenkin.Loginpage" tests="2" failures="0" timestamp="26 Jan 2022 07:50:52 GMT" time="20.507" errors="0">
  <testcase name="loginpage" time="10.808" classname="com.seleniumgitmavenjenkin.Loginpage"/>
  <testcase name="loginpage1" time="9.699" classname="com.seleniumgitmavenjenkin.Loginpage"/>
</testsuite> <!-- com.seleniumgitmavenjenkin.Loginpage -->
