<?xml version="1.0" encoding="UTF-8"?>
<!-- Generated by org.testng.reporters.JUnitReportReporter -->
<testsuite hostname="DESKTOP-0C1HTAU" name="com.seleniumgitmavenjenkin.Username" tests="2" failures="0" timestamp="23 Jan 2022 15:16:09 GMT" time="20.199" errors="0">
  <testcase name="userlogin" time="10.239" classname="com.seleniumgitmavenjenkin.Username"/>
  <testcase name="userlogin1" time="9.960" classname="com.seleniumgitmavenjenkin.Username"/>
</testsuite> <!-- com.seleniumgitmavenjenkin.Username -->
